<?xml version="1.0" encoding="UTF-8"?>
<!-- Generated by org.testng.reporters.JUnitXMLReporter -->
<testsuite hostname="ONOTTAA688072P" ignored="0" name="Default test" tests="2" failures="0" timestamp="2020-06-14T23:05:34 EDT" time="124.254" errors="0">
  <testcase name="test_shouldCreate_FullScreeningApplication" time="79.57" classname="com.gcdp.test.MainTest"/>
  <testcase name="test_shouldCreate_PreScreeningApplication" time="44.637" classname="com.gcdp.test.MainTest"/>
</testsuite> <!-- Default test -->
