<?xml version="1.0" encoding="UTF-8"?>
<testng-results ignored="0" total="2" passed="1" failed="1" skipped="0">
  <reporter-output>
  </reporter-output>
  <suite started-at="2021-01-08T16:57:33 EST" name="Default suite" finished-at="2021-01-08T16:59:33 EST" duration-ms="119202">
    <groups>
    </groups>
    <test started-at="2021-01-08T16:57:33 EST" name="Default test" finished-at="2021-01-08T16:59:33 EST" duration-ms="119202">
      <class name="com.gcdp.test.MainTest">
        <test-method signature="test_shouldCreate_PreScreeningApplication()[pri:0, instance:com.gcdp.test.MainTest@3c947bc5]" started-at="2021-01-08T16:57:34 EST" name="test_shouldCreate_PreScreeningApplication" finished-at="2021-01-08T16:57:52 EST" duration-ms="18166" status="FAIL">
          <exception class="java.lang.NullPointerException">
            <full-stacktrace>
              <![CDATA[java.lang.NullPointerException
at org.openqa.selenium.support.ui.Select.<init>(Select.java:45)
at com.gcdp.test.Base.selectFromDropdown(Base.java:73)
at com.gcdp.test.PreScreening.chooseProgram(PreScreening.java:14)
at com.gcdp.test.MainTest.test_shouldCreate_PreScreeningApplication(MainTest.java:29)
at java.base/jdk.internal.reflect.NativeMethodAccessorImpl.invoke0(Native Method)
at java.base/jdk.internal.reflect.NativeMethodAccessorImpl.invoke(NativeMethodAccessorImpl.java:62)
at java.base/jdk.internal.reflect.DelegatingMethodAccessorImpl.invoke(DelegatingMethodAccessorImpl.java:43)
at java.base/java.lang.reflect.Method.invoke(Method.java:566)
at org.testng.internal.MethodInvocationHelper.invokeMethod(MethodInvocationHelper.java:132)
at org.testng.internal.TestInvoker.invokeMethod(TestInvoker.java:599)
at org.testng.internal.TestInvoker.invokeTestMethod(TestInvoker.java:174)
at org.testng.internal.MethodRunner.runInSequence(MethodRunner.java:46)
at org.testng.internal.TestInvoker$MethodInvocationAgent.invoke(TestInvoker.java:822)
at org.testng.internal.TestInvoker.invokeTestMethods(TestInvoker.java:147)
at org.testng.internal.TestMethodWorker.invokeTestMethods(TestMethodWorker.java:146)
at org.testng.internal.TestMethodWorker.run(TestMethodWorker.java:128)
at java.base/java.util.ArrayList.forEach(ArrayList.java:1541)
at org.testng.TestRunner.privateRun(TestRunner.java:764)
at org.testng.TestRunner.run(TestRunner.java:585)
at org.testng.SuiteRunner.runTest(SuiteRunner.java:384)
at org.testng.SuiteRunner.runSequentially(SuiteRunner.java:378)
at org.testng.SuiteRunner.privateRun(SuiteRunner.java:337)
at org.testng.SuiteRunner.run(SuiteRunner.java:286)
at org.testng.SuiteRunnerWorker.runSuite(SuiteRunnerWorker.java:53)
at org.testng.SuiteRunnerWorker.run(SuiteRunnerWorker.java:96)
at org.testng.TestNG.runSuitesSequentially(TestNG.java:1218)
at org.testng.TestNG.runSuitesLocally(TestNG.java:1140)
at org.testng.TestNG.runSuites(TestNG.java:1069)
at org.testng.TestNG.run(TestNG.java:1037)
at org.testng.remote.AbstractRemoteTestNG.run(AbstractRemoteTestNG.java:115)
at org.testng.remote.RemoteTestNG.initAndRun(RemoteTestNG.java:251)
at org.testng.remote.RemoteTestNG.main(RemoteTestNG.java:77)
]]>
            </full-stacktrace>
          </exception> <!-- java.lang.NullPointerException -->
          <reporter-output>
          </reporter-output>
        </test-method> <!-- test_shouldCreate_PreScreeningApplication -->
        <test-method signature="test_shouldCreate_FullScreeningApplication()[pri:1, instance:com.gcdp.test.MainTest@3c947bc5]" started-at="2021-01-08T16:57:52 EST" name="test_shouldCreate_FullScreeningApplication" finished-at="2021-01-08T16:59:33 EST" duration-ms="101010" status="PASS">
          <reporter-output>
          </reporter-output>
        </test-method> <!-- test_shouldCreate_FullScreeningApplication -->
      </class> <!-- com.gcdp.test.MainTest -->
    </test> <!-- Default test -->
  </suite> <!-- Default suite -->
</testng-results>
